  Lab11.cpp
A:\KPO\Lab11\Lab11_Primary\Lab11.cpp(11,17): warning C4244: 'initializing': conversion from '__int64' to 'int', possible loss of data
A:\KPO\Lab11\Lab11_Primary\Lab11.cpp(13,17): warning C4244: 'initializing': conversion from '__int64' to 'int', possible loss of data
A:\KPO\Lab11\Lab11_Primary\Lab11.cpp(18,63): error C2672: 'operator __surrogate_func': no matching overloaded function found
A:\KPO\Lab11\Lab11_Primary\Lab11.cpp(18,65): error C2780: 'auto main::<lambda_3>::operator ()(_T1) const': expects 1 arguments - 0 provided
A:\KPO\Lab11\Lab11_Primary\Lab11.cpp(18): message : see declaration of 'main::<lambda_3>::operator ()'
